<?xml version="1.0" encoding="UTF-8"?>
<testng-results skipped="0" failed="0" ignored="0" total="1" passed="1">
  <reporter-output>
  </reporter-output>
  <suite name="Default suite" duration-ms="11789" started-at="2020-08-30T13:03:42 IST" finished-at="2020-08-30T13:03:53 IST">
    <groups>
    </groups>
    <test name="Default test" duration-ms="11789" started-at="2020-08-30T13:03:42 IST" finished-at="2020-08-30T13:03:53 IST">
      <class name="testCases.WeatherCompare">
        <test-method status="PASS" signature="tearUp()[pri:0, instance:testCases.WeatherCompare@4d50efb8]" name="tearUp" is-config="true" duration-ms="8579" started-at="2020-08-30T13:03:42 IST" finished-at="2020-08-30T13:03:50 IST">
          <reporter-output>
          </reporter-output>
        </test-method> <!-- tearUp -->
        <test-method status="PASS" signature="weatherCompare()[pri:0, instance:testCases.WeatherCompare@4d50efb8]" name="weatherCompare" duration-ms="2819" started-at="2020-08-30T13:03:50 IST" finished-at="2020-08-30T13:03:53 IST">
          <reporter-output>
          </reporter-output>
        </test-method> <!-- weatherCompare -->
        <test-method status="PASS" signature="tearDown()[pri:0, instance:testCases.WeatherCompare@4d50efb8]" name="tearDown" is-config="true" duration-ms="208" started-at="2020-08-30T13:03:53 IST" finished-at="2020-08-30T13:03:53 IST">
          <reporter-output>
          </reporter-output>
        </test-method> <!-- tearDown -->
      </class> <!-- testCases.WeatherCompare -->
    </test> <!-- Default test -->
  </suite> <!-- Default suite -->
</testng-results>
