<?xml version="1.0" encoding="UTF-8"?>
<!-- Generated by org.testng.reporters.JUnitXMLReporter -->
<testsuite hostname="A2ML31231" ignored="0" name="Regression1" tests="1" failures="1" timestamp="2020-08-30T09:30:06 IST" time="8.442" errors="0">
  <testcase name="weatherCompare" time="0.006" classname="testCases.WeatherCompare">
    <failure type="java.lang.NullPointerException">
      <![CDATA[java.lang.NullPointerException
at pageObjects.WeatherPage.searchCity(WeatherPage.java:21)
at testCases.WeatherCompare.weatherCompare(WeatherCompare.java:14)
at java.util.ArrayList.forEach(ArrayList.java:1257)
... Removed 27 stack frames]]>
    </failure>
  </testcase> <!-- weatherCompare -->
</testsuite> <!-- Regression1 -->
