<?xml version="1.0" encoding="UTF-8"?>
<!-- Generated by org.testng.reporters.JUnitXMLReporter -->
<testsuite hostname="A2ML31231" ignored="0" name="sample test" tests="1" failures="1" timestamp="2020-08-30T11:42:35 IST" time="11.769" errors="0">
  <testcase name="weatherCompare" time="3.54" classname="testCases.WeatherCompare">
    <failure type="java.lang.StackOverflowError">
      <![CDATA[java.lang.StackOverflowError
at java.lang.String.lastIndexOf(String.java:1611)
at java.lang.Package.getPackage(Package.java:329)
at java.lang.Class.getPackage(Class.java:796)
at org.json.JSONObject.wrap(JSONObject.java:2366)
at org.json.JSONArray.<init>(JSONArray.java:200)
at org.json.JSONObject.wrap(JSONObject.java:2360)
at org.json.JSONObject.populateMap(JSONObject.java:1479)
at org.json.JSONObject.<init>(JSONObject.java:364)
at org.json.JSONObject.wrap(JSONObject.java:2374)
at org.json.JSONObject.populateMap(JSONObject.java:1479)
at org.json.JSONObject.<init>(JSONObject.java:364)
at org.json.JSONObject.wrap(JSONObject.java:2374)
at org.json.JSONArray.<init>(JSONArray.java:200)
at org.json.JSONObject.wrap(JSONObject.java:2360)
at org.json.JSONObject.populateMap(JSONObject.java:1479)
at org.json.JSONObject.<init>(JSONObject.java:364)
at org.json.JSONObject.wrap(JSONObject.java:2374)
at org.json.JSONObject.populateMap(JSONObject.java:1479)
at org.json.JSONObject.<init>(JSONObject.java:364)
at org.json.JSONObject.wrap(JSONObject.java:2374)
at org.json.JSONArray.<init>(JSONArray.java:200)
at org.json.JSONObject.wrap(JSONObject.java:2360)
at org.json.JSONObject.populateMap(JSONObject.java:1479)
at org.json.JSONObject.<init>(JSONObject.java:364)
at org.json.JSONObject.wrap(JSONObject.java:2374)
at org.json.JSONObject.populateMap(JSONObject.java:1479)
at org.json.JSONObject.<init>(JSONObject.java:364)
at org.json.JSONObject.wrap(JSONObject.java:2374)
at org.json.JSONArray.<init>(JSONArray.java:200)
at org.json.JSONObject.wrap(JSONObject.java:2360)
at org.json.JSONObject.populateMap(JSONObject.java:1479)
at org.json.JSONObject.<init>(JSONObject.java:364)
at org.json.JSONObject.wrap(JSONObject.java:2374)
at org.json.JSONObject.populateMap(JSONObject.java:1479)
at org.json.JSONObject.<init>(JSONObject.java:364)
at org.json.JSONObject.wrap(JSONObject.java:2374)
at org.json.JSONArray.<init>(JSONArray.java:200)
at org.json.JSONObject.wrap(JSONObject.java:2360)
at org.json.JSONObject.populateMap(JSONObject.java:1479)
at org.json.JSONObject.<init>(JSONObject.java:364)
at org.json.JSONObject.wrap(JSONObject.java:2374)
at org.json.JSONObject.populateMap(JSONObject.java:1479)
at org.json.JSONObject.<init>(JSONObject.java:364)
at org.json.JSONObject.wrap(JSONObject.java:2374)
at org.json.JSONArray.<init>(JSONArray.java:200)
at org.json.JSONObject.wrap(JSONObject.java:2360)
at org.json.JSONObject.populateMap(JSONObject.java:1479)
at org.json.JSONObject.<init>(JSONObject.java:364)
at org.json.JSONObject.wrap(JSONObject.java:2374)
at org.json.JSONObject.populateMap(JSONObject.java:1479)
at org.json.JSONObject.<init>(JSONObject.java:364)
at org.json.JSONObject.wrap(JSONObject.java:2374)
at org.json.JSONArray.<init>(JSONArray.java:200)
at org.json.JSONObject.wrap(JSONObject.java:2360)
at org.json.JSONObject.populateMap(JSONObject.java:1479)
at org.json.JSONObject.<init>(JSONObject.java:364)
at org.json.JSONObject.wrap(JSONObject.java:2374)
at org.json.JSONObject.populateMap(JSONObject.java:1479)
at org.json.JSONObject.<init>(JSONObject.java:364)
at org.json.JSONObject.wrap(JSONObject.java:2374)
at org.json.JSONArray.<init>(JSONArray.java:200)
at org.json.JSONObject.wrap(JSONObject.java:2360)
at org.json.JSONObject.populateMap(JSONObject.java:1479)
at org.json.JSONObject.<init>(JSONObject.java:364)
at org.json.JSONObject.wrap(JSONObject.java:2374)
at org.json.JSONObject.populateMap(JSONObject.java:1479)
at org.json.JSONObject.<init>(JSONObject.java:364)
at org.json.JSONObject.wrap(JSONObject.java:2374)
at org.json.JSONArray.<init>(JSONArray.java:200)
at org.json.JSONObject.wrap(JSONObject.java:2360)
at org.json.JSONObject.populateMap(JSONObject.java:1479)
at org.json.JSONObject.<init>(JSONObject.java:364)
at org.json.JSONObject.wrap(JSONObject.java:2374)
at org.json.JSONObject.populateMap(JSONObject.java:1479)
at org.json.JSONObject.<init>(JSONObject.java:364)
at org.json.JSONObject.wrap(JSONObject.java:2374)
at org.json.JSONArray.<init>(JSONArray.java:200)
at org.json.JSONObject.wrap(JSONObject.java:2360)
at org.json.JSONObject.populateMap(JSONObject.java:1479)
at org.json.JSONObject.<init>(JSONObject.java:364)
at org.json.JSONObject.wrap(JSONObject.java:2374)
at org.json.JSONObject.populateMap(JSONObject.java:1479)
at org.json.JSONObject.<init>(JSONObject.java:364)
at org.json.JSONObject.wrap(JSONObject.java:2374)
at org.json.JSONArray.<init>(JSONArray.java:200)
at org.json.JSONObject.wrap(JSONObject.java:2360)
at org.json.JSONObject.populateMap(JSONObject.java:1479)
at org.json.JSONObject.<init>(JSONObject.java:364)
at org.json.JSONObject.wrap(JSONObject.java:2374)
at org.json.JSONObject.populateMap(JSONObject.java:1479)
at org.json.JSONObject.<init>(JSONObject.java:364)
at org.json.JSONObject.wrap(JSONObject.java:2374)
at org.json.JSONArray.<init>(JSONArray.java:200)
at org.json.JSONObject.wrap(JSONObject.java:2360)
at org.json.JSONObject.populateMap(JSONObject.java:1479)
at org.json.JSONObject.<init>(JSONObject.java:364)
at org.json.JSONObject.wrap(JSONObject.java:2374)
at org.json.JSONObject.populateMap(JSONObject.java:1479)
at org.json.JSONObject.<init>(JSONObject.java:364)
at org.json.JSONObject.wrap(JSONObject.java:2374)
at org.json.JSONArray.<init>(JSONArray.java:200)
at org.json.JSONObject.wrap(JSONObject.java:2360)
at org.json.JSONObject.populateMap(JSONObject.java:1479)
at org.json.JSONObject.<init>(JSONObject.java:364)
at org.json.JSONObject.wrap(JSONObject.java:2374)
at org.json.JSONObject.populateMap(JSONObject.java:1479)
at org.json.JSONObject.<init>(JSONObject.java:364)
at org.json.JSONObject.wrap(JSONObject.java:2374)
at org.json.JSONArray.<init>(JSONArray.java:200)
at org.json.JSONObject.wrap(JSONObject.java:2360)
at org.json.JSONObject.populateMap(JSONObject.java:1479)
at org.json.JSONObject.<init>(JSONObject.java:364)
at org.json.JSONObject.wrap(JSONObject.java:2374)
at org.json.JSONObject.populateMap(JSONObject.java:1479)
at org.json.JSONObject.<init>(JSONObject.java:364)
at org.json.JSONObject.wrap(JSONObject.java:2374)
at org.json.JSONArray.<init>(JSONArray.java:200)
at org.json.JSONObject.wrap(JSONObject.java:2360)
at org.json.JSONObject.populateMap(JSONObject.java:1479)
at org.json.JSONObject.<init>(JSONObject.java:364)
at org.json.JSONObject.wrap(JSONObject.java:2374)
at org.json.JSONObject.populateMap(JSONObject.java:1479)
at org.json.JSONObject.<init>(JSONObject.java:364)
at org.json.JSONObject.wrap(JSONObject.java:2374)
at org.json.JSONArray.<init>(JSONArray.java:200)
at org.json.JSONObject.wrap(JSONObject.java:2360)
at org.json.JSONObject.populateMap(JSONObject.java:1479)
at org.json.JSONObject.<init>(JSONObject.java:364)
at org.json.JSONObject.wrap(JSONObject.java:2374)
at org.json.JSONObject.populateMap(JSONObject.java:1479)
at org.json.JSONObject.<init>(JSONObject.java:364)
at org.json.JSONObject.wrap(JSONObject.java:2374)
at org.json.JSONArray.<init>(JSONArray.java:200)
at org.json.JSONObject.wrap(JSONObject.java:2360)
at org.json.JSONObject.populateMap(JSONObject.java:1479)
at org.json.JSONObject.<init>(JSONObject.java:364)
at org.json.JSONObject.wrap(JSONObject.java:2374)
at org.json.JSONObject.populateMap(JSONObject.java:1479)
at org.json.JSONObject.<init>(JSONObject.java:364)
at org.json.JSONObject.wrap(JSONObject.java:2374)
at org.json.JSONArray.<init>(JSONArray.java:200)
at org.json.JSONObject.wrap(JSONObject.java:2360)
at org.json.JSONObject.populateMap(JSONObject.java:1479)
at org.json.JSONObject.<init>(JSONObject.java:364)
at org.json.JSONObject.wrap(JSONObject.java:2374)
at org.json.JSONObject.populateMap(JSONObject.java:1479)
at org.json.JSONObject.<init>(JSONObject.java:364)
at org.json.JSONObject.wrap(JSONObject.java:2374)
at org.json.JSONArray.<init>(JSONArray.java:200)
at org.json.JSONObject.wrap(JSONObject.java:2360)
at org.json.JSONObject.populateMap(JSONObject.java:1479)
at org.json.JSONObject.<init>(JSONObject.java:364)
at org.json.JSONObject.wrap(JSONObject.java:2374)
at org.json.JSONObject.populateMap(JSONObject.java:1479)
at org.json.JSONObject.<init>(JSONObject.java:364)
at org.json.JSONObject.wrap(JSONObject.java:2374)
at org.json.JSONArray.<init>(JSONArray.java:200)
at org.json.JSONObject.wrap(JSONObject.java:2360)
at org.json.JSONObject.populateMap(JSONObject.java:1479)
at org.json.JSONObject.<init>(JSONObject.java:364)
at org.json.JSONObject.wrap(JSONObject.java:2374)
at org.json.JSONObject.populateMap(JSONObject.java:1479)
at org.json.JSONObject.<init>(JSONObject.java:364)
at org.json.JSONObject.wrap(JSONObject.java:2374)
at org.json.JSONArray.<init>(JSONArray.java:200)
at org.json.JSONObject.wrap(JSONObject.java:2360)
at org.json.JSONObject.populateMap(JSONObject.java:1479)
at org.json.JSONObject.<init>(JSONObject.java:364)
at org.json.JSONObject.wrap(JSONObject.java:2374)
at org.json.JSONObject.populateMap(JSONObject.java:1479)
at org.json.JSONObject.<init>(JSONObject.java:364)
at org.json.JSONObject.wrap(JSONObject.java:2374)
at org.json.JSONArray.<init>(JSONArray.java:200)
at org.json.JSONObject.wrap(JSONObject.java:2360)
at org.json.JSONObject.populateMap(JSONObject.java:1479)
at org.json.JSONObject.<init>(JSONObject.java:364)
at org.json.JSONObject.wrap(JSONObject.java:2374)
at org.json.JSONObject.populateMap(JSONObject.java:1479)
at org.json.JSONObject.<init>(JSONObject.java:364)
at org.json.JSONObject.wrap(JSONObject.java:2374)
at org.json.JSONArray.<init>(JSONArray.java:200)
at org.json.JSONObject.wrap(JSONObject.java:2360)
at org.json.JSONObject.populateMap(JSONObject.java:1479)
at org.json.JSONObject.<init>(JSONObject.java:364)
at org.json.JSONObject.wrap(JSONObject.java:2374)
at org.json.JSONObject.populateMap(JSONObject.java:1479)
at org.json.JSONObject.<init>(JSONObject.java:364)
at org.json.JSONObject.wrap(JSONObject.java:2374)
at org.json.JSONArray.<init>(JSONArray.java:200)
at org.json.JSONObject.wrap(JSONObject.java:2360)
at org.json.JSONObject.populateMap(JSONObject.java:1479)
at org.json.JSONObject.<init>(JSONObject.java:364)
at org.json.JSONObject.wrap(JSONObject.java:2374)
at org.json.JSONObject.populateMap(JSONObject.java:1479)
at org.json.JSONObject.<init>(JSONObject.java:364)
at org.json.JSONObject.wrap(JSONObject.java:2374)
at org.json.JSONArray.<init>(JSONArray.java:200)
at org.json.JSONObject.wrap(JSONObject.java:2360)
at org.json.JSONObject.populateMap(JSONObject.java:1479)
at org.json.JSONObject.<init>(JSONObject.java:364)
at org.json.JSONObject.wrap(JSONObject.java:2374)
at org.json.JSONObject.populateMap(JSONObject.java:1479)
at org.json.JSONObject.<init>(JSONObject.java:364)
at org.json.JSONObject.wrap(JSONObject.java:2374)
at org.json.JSONArray.<init>(JSONArray.java:200)
at org.json.JSONObject.wrap(JSONObject.java:2360)
at org.json.JSONObject.populateMap(JSONObject.java:1479)
at org.json.JSONObject.<init>(JSONObject.java:364)
at org.json.JSONObject.wrap(JSONObject.java:2374)
at org.json.JSONObject.populateMap(JSONObject.java:1479)
at org.json.JSONObject.<init>(JSONObject.java:364)
at org.json.JSONObject.wrap(JSONObject.java:2374)
at org.json.JSONArray.<init>(JSONArray.java:200)
at org.json.JSONObject.wrap(JSONObject.java:2360)
at org.json.JSONObject.populateMap(JSONObject.java:1479)
at org.json.JSONObject.<init>(JSONObject.java:364)
at org.json.JSONObject.wrap(JSONObject.java:2374)
at org.json.JSONObject.populateMap(JSONObject.java:1479)
at org.json.JSONObject.<init>(JSONObject.java:364)
at org.json.JSONObject.wrap(JSONObject.java:2374)
at org.json.JSONArray.<init>(JSONArray.java:200)
at org.json.JSONObject.wrap(JSONObject.java:2360)
at org.json.JSONObject.populateMap(JSONObject.java:1479)
at org.json.JSONObject.<init>(JSONObject.java:364)
at org.json.JSONObject.wrap(JSONObject.java:2374)
at org.json.JSONObject.populateMap(JSONObject.java:1479)
at org.json.JSONObject.<init>(JSONObject.java:364)
at org.json.JSONObject.wrap(JSONObject.java:2374)
at org.json.JSONArray.<init>(JSONArray.java:200)
at org.json.JSONObject.wrap(JSONObject.java:2360)
at org.json.JSONObject.populateMap(JSONObject.java:1479)
at org.json.JSONObject.<init>(JSONObject.java:364)
at org.json.JSONObject.wrap(JSONObject.java:2374)
at org.json.JSONObject.populateMap(JSONObject.java:1479)
at org.json.JSONObject.<init>(JSONObject.java:364)
at org.json.JSONObject.wrap(JSONObject.java:2374)
at org.json.JSONArray.<init>(JSONArray.java:200)
at org.json.JSONObject.wrap(JSONObject.java:2360)
at org.json.JSONObject.populateMap(JSONObject.java:1479)
at org.json.JSONObject.<init>(JSONObject.java:364)
at org.json.JSONObject.wrap(JSONObject.java:2374)
at org.json.JSONObject.populateMap(JSONObject.java:1479)
at org.json.JSONObject.<init>(JSONObject.java:364)
at org.json.JSONObject.wrap(JSONObject.java:2374)
at org.json.JSONArray.<init>(JSONArray.java:200)
at org.json.JSONObject.wrap(JSONObject.java:2360)
at org.json.JSONObject.populateMap(JSONObject.java:1479)
at org.json.JSONObject.<init>(JSONObject.java:364)
at org.json.JSONObject.wrap(JSONObject.java:2374)
at org.json.JSONObject.populateMap(JSONObject.java:1479)
at org.json.JSONObject.<init>(JSONObject.java:364)
at org.json.JSONObject.wrap(JSONObject.java:2374)
at org.json.JSONArray.<init>(JSONArray.java:200)
at org.json.JSONObject.wrap(JSONObject.java:2360)
at org.json.JSONObject.populateMap(JSONObject.java:1479)
at org.json.JSONObject.<init>(JSONObject.java:364)
at org.json.JSONObject.wrap(JSONObject.java:2374)
at org.json.JSONObject.populateMap(JSONObject.java:1479)
at org.json.JSONObject.<init>(JSONObject.java:364)
at org.json.JSONObject.wrap(JSONObject.java:2374)
at org.json.JSONArray.<init>(JSONArray.java:200)
at org.json.JSONObject.wrap(JSONObject.java:2360)
at org.json.JSONObject.populateMap(JSONObject.java:1479)
at org.json.JSONObject.<init>(JSONObject.java:364)
at org.json.JSONObject.wrap(JSONObject.java:2374)
at org.json.JSONObject.populateMap(JSONObject.java:1479)
at org.json.JSONObject.<init>(JSONObject.java:364)
at org.json.JSONObject.wrap(JSONObject.java:2374)
at org.json.JSONArray.<init>(JSONArray.java:200)
at org.json.JSONObject.wrap(JSONObject.java:2360)
at org.json.JSONObject.populateMap(JSONObject.java:1479)
at org.json.JSONObject.<init>(JSONObject.java:364)
at org.json.JSONObject.wrap(JSONObject.java:2374)
at org.json.JSONObject.populateMap(JSONObject.java:1479)
at org.json.JSONObject.<init>(JSONObject.java:364)
at org.json.JSONObject.wrap(JSONObject.java:2374)
at org.json.JSONArray.<init>(JSONArray.java:200)
at org.json.JSONObject.wrap(JSONObject.java:2360)
at org.json.JSONObject.populateMap(JSONObject.java:1479)
at org.json.JSONObject.<init>(JSONObject.java:364)
at org.json.JSONObject.wrap(JSONObject.java:2374)
at org.json.JSONObject.populateMap(JSONObject.java:1479)
at org.json.JSONObject.<init>(JSONObject.java:364)
at org.json.JSONObject.wrap(JSONObject.java:2374)
at org.json.JSONArray.<init>(JSONArray.java:200)
at org.json.JSONObject.wrap(JSONObject.java:2360)
at org.json.JSONObject.populateMap(JSONObject.java:1479)
at org.json.JSONObject.<init>(JSONObject.java:364)
at org.json.JSONObject.wrap(JSONObject.java:2374)
at org.json.JSONObject.populateMap(JSONObject.java:1479)
at org.json.JSONObject.<init>(JSONObject.java:364)
at org.json.JSONObject.wrap(JSONObject.java:2374)
at org.json.JSONArray.<init>(JSONArray.java:200)
at org.json.JSONObject.wrap(JSONObject.java:2360)
at org.json.JSONObject.populateMap(JSONObject.java:1479)
at org.json.JSONObject.<init>(JSONObject.java:364)
at org.json.JSONObject.wrap(JSONObject.java:2374)
at org.json.JSONObject.populateMap(JSONObject.java:1479)
at org.json.JSONObject.<init>(JSONObject.java:364)
at org.json.JSONObject.wrap(JSONObject.java:2374)
at org.json.JSONArray.<init>(JSONArray.java:200)
at org.json.JSONObject.wrap(JSONObject.java:2360)
at org.json.JSONObject.populateMap(JSONObject.java:1479)
at org.json.JSONObject.<init>(JSONObject.java:364)
at org.json.JSONObject.wrap(JSONObject.java:2374)
at org.json.JSONObject.populateMap(JSONObject.java:1479)
at org.json.JSONObject.<init>(JSONObject.java:364)
at org.json.JSONObject.wrap(JSONObject.java:2374)
at org.json.JSONArray.<init>(JSONArray.java:200)
at org.json.JSONObject.wrap(JSONObject.java:2360)
at org.json.JSONObject.populateMap(JSONObject.java:1479)
at org.json.JSONObject.<init>(JSONObject.java:364)
at org.json.JSONObject.wrap(JSONObject.java:2374)
at org.json.JSONObject.populateMap(JSONObject.java:1479)
at org.json.JSONObject.<init>(JSONObject.java:364)
at org.json.JSONObject.wrap(JSONObject.java:2374)
at org.json.JSONArray.<init>(JSONArray.java:200)
at org.json.JSONObject.wrap(JSONObject.java:2360)
at org.json.JSONObject.populateMap(JSONObject.java:1479)
at org.json.JSONObject.<init>(JSONObject.java:364)
at org.json.JSONObject.wrap(JSONObject.java:2374)
at org.json.JSONObject.populateMap(JSONObject.java:1479)
at org.json.JSONObject.<init>(JSONObject.java:364)
at org.json.JSONObject.wrap(JSONObject.java:2374)
at org.json.JSONArray.<init>(JSONArray.java:200)
at org.json.JSONObject.wrap(JSONObject.java:2360)
at org.json.JSONObject.populateMap(JSONObject.java:1479)
at org.json.JSONObject.<init>(JSONObject.java:364)
at org.json.JSONObject.wrap(JSONObject.java:2374)
at org.json.JSONObject.populateMap(JSONObject.java:1479)
at org.json.JSONObject.<init>(JSONObject.java:364)
at org.json.JSONObject.wrap(JSONObject.java:2374)
at org.json.JSONArray.<init>(JSONArray.java:200)
at org.json.JSONObject.wrap(JSONObject.java:2360)
at org.json.JSONObject.populateMap(JSONObject.java:1479)
at org.json.JSONObject.<init>(JSONObject.java:364)
at org.json.JSONObject.wrap(JSONObject.java:2374)
at org.json.JSONObject.populateMap(JSONObject.java:1479)
at org.json.JSONObject.<init>(JSONObject.java:364)
at org.json.JSONObject.wrap(JSONObject.java:2374)
at org.json.JSONArray.<init>(JSONArray.java:200)
at org.json.JSONObject.wrap(JSONObject.java:2360)
at org.json.JSONObject.populateMap(JSONObject.java:1479)
at org.json.JSONObject.<init>(JSONObject.java:364)
at org.json.JSONObject.wrap(JSONObject.java:2374)
at org.json.JSONObject.populateMap(JSONObject.java:1479)
at org.json.JSONObject.<init>(JSONObject.java:364)
at org.json.JSONObject.wrap(JSONObject.java:2374)
at org.json.JSONArray.<init>(JSONArray.java:200)
at org.json.JSONObject.wrap(JSONObject.java:2360)
at org.json.JSONObject.populateMap(JSONObject.java:1479)
at org.json.JSONObject.<init>(JSONObject.java:364)
at org.json.JSONObject.wrap(JSONObject.java:2374)
at org.json.JSONObject.populateMap(JSONObject.java:1479)
at org.json.JSONObject.<init>(JSONObject.java:364)
at org.json.JSONObject.wrap(JSONObject.java:2374)
at org.json.JSONArray.<init>(JSONArray.java:200)
at org.json.JSONObject.wrap(JSONObject.java:2360)
at org.json.JSONObject.populateMap(JSONObject.java:1479)
at org.json.JSONObject.<init>(JSONObject.java:364)
at org.json.JSONObject.wrap(JSONObject.java:2374)
at org.json.JSONObject.populateMap(JSONObject.java:1479)
at org.json.JSONObject.<init>(JSONObject.java:364)
at org.json.JSONObject.wrap(JSONObject.java:2374)
at org.json.JSONArray.<init>(JSONArray.java:200)
at org.json.JSONObject.wrap(JSONObject.java:2360)
at org.json.JSONObject.populateMap(JSONObject.java:1479)
at org.json.JSONObject.<init>(JSONObject.java:364)
at org.json.JSONObject.wrap(JSONObject.java:2374)
at org.json.JSONObject.populateMap(JSONObject.java:1479)
at org.json.JSONObject.<init>(JSONObject.java:364)
at org.json.JSONObject.wrap(JSONObject.java:2374)
at org.json.JSONArray.<init>(JSONArray.java:200)
at org.json.JSONObject.wrap(JSONObject.java:2360)
at org.json.JSONObject.populateMap(JSONObject.java:1479)
at org.json.JSONObject.<init>(JSONObject.java:364)
at org.json.JSONObject.wrap(JSONObject.java:2374)
at org.json.JSONObject.populateMap(JSONObject.java:1479)
at org.json.JSONObject.<init>(JSONObject.java:364)
at org.json.JSONObject.wrap(JSONObject.java:2374)
at org.json.JSONArray.<init>(JSONArray.java:200)
at org.json.JSONObject.wrap(JSONObject.java:2360)
at org.json.JSONObject.populateMap(JSONObject.java:1479)
at org.json.JSONObject.<init>(JSONObject.java:364)
at org.json.JSONObject.wrap(JSONObject.java:2374)
at org.json.JSONObject.populateMap(JSONObject.java:1479)
at org.json.JSONObject.<init>(JSONObject.java:364)
at org.json.JSONObject.wrap(JSONObject.java:2374)
at org.json.JSONArray.<init>(JSONArray.java:200)
at org.json.JSONObject.wrap(JSONObject.java:2360)
at org.json.JSONObject.populateMap(JSONObject.java:1479)
at org.json.JSONObject.<init>(JSONObject.java:364)
at org.json.JSONObject.wrap(JSONObject.java:2374)
at org.json.JSONObject.populateMap(JSONObject.java:1479)
at org.json.JSONObject.<init>(JSONObject.java:364)
at org.json.JSONObject.wrap(JSONObject.java:2374)
at org.json.JSONArray.<init>(JSONArray.java:200)
at org.json.JSONObject.wrap(JSONObject.java:2360)
at org.json.JSONObject.populateMap(JSONObject.java:1479)
at org.json.JSONObject.<init>(JSONObject.java:364)
at org.json.JSONObject.wrap(JSONObject.java:2374)
at org.json.JSONObject.populateMap(JSONObject.java:1479)
at org.json.JSONObject.<init>(JSONObject.java:364)
at org.json.JSONObject.wrap(JSONObject.java:2374)
at org.json.JSONArray.<init>(JSONArray.java:200)
at org.json.JSONObject.wrap(JSONObject.java:2360)
at org.json.JSONObject.populateMap(JSONObject.java:1479)
at org.json.JSONObject.<init>(JSONObject.java:364)
at org.json.JSONObject.wrap(JSONObject.java:2374)
at org.json.JSONObject.populateMap(JSONObject.java:1479)
at org.json.JSONObject.<init>(JSONObject.java:364)
at org.json.JSONObject.wrap(JSONObject.java:2374)
at org.json.JSONArray.<init>(JSONArray.java:200)
at org.json.JSONObject.wrap(JSONObject.java:2360)
at org.json.JSONObject.populateMap(JSONObject.java:1479)
at org.json.JSONObject.<init>(JSONObject.java:364)
at org.json.JSONObject.wrap(JSONObject.java:2374)
at org.json.JSONObject.populateMap(JSONObject.java:1479)
at org.json.JSONObject.<init>(JSONObject.java:364)
at org.json.JSONObject.wrap(JSONObject.java:2374)
at org.json.JSONArray.<init>(JSONArray.java:200)
at org.json.JSONObject.wrap(JSONObject.java:2360)
at org.json.JSONObject.populateMap(JSONObject.java:1479)
at org.json.JSONObject.<init>(JSONObject.java:364)
at org.json.JSONObject.wrap(JSONObject.java:2374)
at org.json.JSONObject.populateMap(JSONObject.java:1479)
at org.json.JSONObject.<init>(JSONObject.java:364)
at org.json.JSONObject.wrap(JSONObject.java:2374)
at org.json.JSONArray.<init>(JSONArray.java:200)
at org.json.JSONObject.wrap(JSONObject.java:2360)
at org.json.JSONObject.populateMap(JSONObject.java:1479)
at org.json.JSONObject.<init>(JSONObject.java:364)
at org.json.JSONObject.wrap(JSONObject.java:2374)
at org.json.JSONObject.populateMap(JSONObject.java:1479)
at org.json.JSONObject.<init>(JSONObject.java:364)
at org.json.JSONObject.wrap(JSONObject.java:2374)
at org.json.JSONArray.<init>(JSONArray.java:200)
at org.json.JSONObject.wrap(JSONObject.java:2360)
at org.json.JSONObject.populateMap(JSONObject.java:1479)
at org.json.JSONObject.<init>(JSONObject.java:364)
at org.json.JSONObject.wrap(JSONObject.java:2374)
at org.json.JSONObject.populateMap(JSONObject.java:1479)
at org.json.JSONObject.<init>(JSONObject.java:364)
at org.json.JSONObject.wrap(JSONObject.java:2374)
at org.json.JSONArray.<init>(JSONArray.java:200)
at org.json.JSONObject.wrap(JSONObject.java:2360)
at org.json.JSONObject.populateMap(JSONObject.java:1479)
at org.json.JSONObject.<init>(JSONObject.java:364)
at org.json.JSONObject.wrap(JSONObject.java:2374)
at org.json.JSONObject.populateMap(JSONObject.java:1479)
at org.json.JSONObject.<init>(JSONObject.java:364)
at org.json.JSONObject.wrap(JSONObject.java:2374)
at org.json.JSONArray.<init>(JSONArray.java:200)
at org.json.JSONObject.wrap(JSONObject.java:2360)
at org.json.JSONObject.populateMap(JSONObject.java:1479)
at org.json.JSONObject.<init>(JSONObject.java:364)
at org.json.JSONObject.wrap(JSONObject.java:2374)
at org.json.JSONObject.populateMap(JSONObject.java:1479)
at org.json.JSONObject.<init>(JSONObject.java:364)
at org.json.JSONObject.wrap(JSONObject.java:2374)
at org.json.JSONArray.<init>(JSONArray.java:200)
at org.json.JSONObject.wrap(JSONObject.java:2360)
at org.json.JSONObject.populateMap(JSONObject.java:1479)
at org.json.JSONObject.<init>(JSONObject.java:364)
at org.json.JSONObject.wrap(JSONObject.java:2374)
at org.json.JSONObject.populateMap(JSONObject.java:1479)
at org.json.JSONObject.<init>(JSONObject.java:364)
at org.json.JSONObject.wrap(JSONObject.java:2374)
at org.json.JSONArray.<init>(JSONArray.java:200)
at org.json.JSONObject.wrap(JSONObject.java:2360)
at org.json.JSONObject.populateMap(JSONObject.java:1479)
at org.json.JSONObject.<init>(JSONObject.java:364)
at org.json.JSONObject.wrap(JSONObject.java:2374)
at org.json.JSONObject.populateMap(JSONObject.java:1479)
at org.json.JSONObject.<init>(JSONObject.java:364)
at org.json.JSONObject.wrap(JSONObject.java:2374)
at org.json.JSONArray.<init>(JSONArray.java:200)
at org.json.JSONObject.wrap(JSONObject.java:2360)
at org.json.JSONObject.populateMap(JSONObject.java:1479)
at org.json.JSONObject.<init>(JSONObject.java:364)
at org.json.JSONObject.wrap(JSONObject.java:2374)
at org.json.JSONObject.populateMap(JSONObject.java:1479)
at org.json.JSONObject.<init>(JSONObject.java:364)
at org.json.JSONObject.wrap(JSONObject.java:2374)
at org.json.JSONArray.<init>(JSONArray.java:200)
at org.json.JSONObject.wrap(JSONObject.java:2360)
at org.json.JSONObject.populateMap(JSONObject.java:1479)
at org.json.JSONObject.<init>(JSONObject.java:364)
at org.json.JSONObject.wrap(JSONObject.java:2374)
at org.json.JSONObject.populateMap(JSONObject.java:1479)
at org.json.JSONObject.<init>(JSONObject.java:364)
at org.json.JSONObject.wrap(JSONObject.java:2374)
at org.json.JSONArray.<init>(JSONArray.java:200)
at org.json.JSONObject.wrap(JSONObject.java:2360)
at org.json.JSONObject.populateMap(JSONObject.java:1479)
at org.json.JSONObject.<init>(JSONObject.java:364)
at org.json.JSONObject.wrap(JSONObject.java:2374)
at org.json.JSONObject.populateMap(JSONObject.java:1479)
at org.json.JSONObject.<init>(JSONObject.java:364)
at org.json.JSONObject.wrap(JSONObject.java:2374)
at org.json.JSONArray.<init>(JSONArray.java:200)
at org.json.JSONObject.wrap(JSONObject.java:2360)
at org.json.JSONObject.populateMap(JSONObject.java:1479)
at org.json.JSONObject.<init>(JSONObject.java:364)
at org.json.JSONObject.wrap(JSONObject.java:2374)
at org.json.JSONObject.populateMap(JSONObject.java:1479)
at org.json.JSONObject.<init>(JSONObject.java:364)
at org.json.JSONObject.wrap(JSONObject.java:2374)
at org.json.JSONArray.<init>(JSONArray.java:200)
at org.json.JSONObject.wrap(JSONObject.java:2360)
at org.json.JSONObject.populateMap(JSONObject.java:1479)
at org.json.JSONObject.<init>(JSONObject.java:364)
at org.json.JSONObject.wrap(JSONObject.java:2374)
at org.json.JSONObject.populateMap(JSONObject.java:1479)
at org.json.JSONObject.<init>(JSONObject.java:364)
at org.json.JSONObject.wrap(JSONObject.java:2374)
at org.json.JSONArray.<init>(JSONArray.java:200)
at org.json.JSONObject.wrap(JSONObject.java:2360)
at org.json.JSONObject.populateMap(JSONObject.java:1479)
at org.json.JSONObject.<init>(JSONObject.java:364)
at org.json.JSONObject.wrap(JSONObject.java:2374)
at org.json.JSONObject.populateMap(JSONObject.java:1479)
at org.json.JSONObject.<init>(JSONObject.java:364)
at org.json.JSONObject.wrap(JSONObject.java:2374)
at org.json.JSONArray.<init>(JSONArray.java:200)
at org.json.JSONObject.wrap(JSONObject.java:2360)
at org.json.JSONObject.populateMap(JSONObject.java:1479)
at org.json.JSONObject.<init>(JSONObject.java:364)
at org.json.JSONObject.wrap(JSONObject.java:2374)
at org.json.JSONObject.populateMap(JSONObject.java:1479)
at org.json.JSONObject.<init>(JSONObject.java:364)
at org.json.JSONObject.wrap(JSONObject.java:2374)
at org.json.JSONArray.<init>(JSONArray.java:200)
at org.json.JSONObject.wrap(JSONObject.java:2360)
at org.json.JSONObject.populateMap(JSONObject.java:1479)
at org.json.JSONObject.<init>(JSONObject.java:364)
at org.json.JSONObject.wrap(JSONObject.java:2374)
at org.json.JSONObject.populateMap(JSONObject.java:1479)
at org.json.JSONObject.<init>(JSONObject.java:364)
at org.json.JSONObject.wrap(JSONObject.java:2374)
at org.json.JSONArray.<init>(JSONArray.java:200)
at org.json.JSONObject.wrap(JSONObject.java:2360)
at org.json.JSONObject.populateMap(JSONObject.java:1479)
at org.json.JSONObject.<init>(JSONObject.java:364)
at org.json.JSONObject.wrap(JSONObject.java:2374)
at org.json.JSONObject.populateMap(JSONObject.java:1479)
at org.json.JSONObject.<init>(JSONObject.java:364)
at org.json.JSONObject.wrap(JSONObject.java:2374)
at org.json.JSONArray.<init>(JSONArray.java:200)
at org.json.JSONObject.wrap(JSONObject.java:2360)
at org.json.JSONObject.populateMap(JSONObject.java:1479)
at org.json.JSONObject.<init>(JSONObject.java:364)
at org.json.JSONObject.wrap(JSONObject.java:2374)
at org.json.JSONObject.populateMap(JSONObject.java:1479)
at org.json.JSONObject.<init>(JSONObject.java:364)
at org.json.JSONObject.wrap(JSONObject.java:2374)
at org.json.JSONArray.<init>(JSONArray.java:200)
at org.json.JSONObject.wrap(JSONObject.java:2360)
at org.json.JSONObject.populateMap(JSONObject.java:1479)
at org.json.JSONObject.<init>(JSONObject.java:364)
at org.json.JSONObject.wrap(JSONObject.java:2374)
at org.json.JSONObject.populateMap(JSONObject.java:1479)
at org.json.JSONObject.<init>(JSONObject.java:364)
at org.json.JSONObject.wrap(JSONObject.java:2374)
at org.json.JSONArray.<init>(JSONArray.java:200)
at org.json.JSONObject.wrap(JSONObject.java:2360)
at org.json.JSONObject.populateMap(JSONObject.java:1479)
at org.json.JSONObject.<init>(JSONObject.java:364)
at org.json.JSONObject.wrap(JSONObject.java:2374)
at org.json.JSONObject.populateMap(JSONObject.java:1479)
at org.json.JSONObject.<init>(JSONObject.java:364)
at org.json.JSONObject.wrap(JSONObject.java:2374)
at org.json.JSONArray.<init>(JSONArray.java:200)
at org.json.JSONObject.wrap(JSONObject.java:2360)
at org.json.JSONObject.populateMap(JSONObject.java:1479)
at org.json.JSONObject.<init>(JSONObject.java:364)
at org.json.JSONObject.wrap(JSONObject.java:2374)
at org.json.JSONObject.populateMap(JSONObject.java:1479)
at org.json.JSONObject.<init>(JSONObject.java:364)
at org.json.JSONObject.wrap(JSONObject.java:2374)
at org.json.JSONArray.<init>(JSONArray.java:200)
at org.json.JSONObject.wrap(JSONObject.java:2360)
at org.json.JSONObject.populateMap(JSONObject.java:1479)
at org.json.JSONObject.<init>(JSONObject.java:364)
at org.json.JSONObject.wrap(JSONObject.java:2374)
at org.json.JSONObject.populateMap(JSONObject.java:1479)
at org.json.JSONObject.<init>(JSONObject.java:364)
at org.json.JSONObject.wrap(JSONObject.java:2374)
at org.json.JSONArray.<init>(JSONArray.java:200)
at org.json.JSONObject.wrap(JSONObject.java:2360)
at org.json.JSONObject.populateMap(JSONObject.java:1479)
at org.json.JSONObject.<init>(JSONObject.java:364)
at org.json.JSONObject.wrap(JSONObject.java:2374)
at org.json.JSONObject.populateMap(JSONObject.java:1479)
at org.json.JSONObject.<init>(JSONObject.java:364)
at org.json.JSONObject.wrap(JSONObject.java:2374)
at org.json.JSONArray.<init>(JSONArray.java:200)
at org.json.JSONObject.wrap(JSONObject.java:2360)
at org.json.JSONObject.populateMap(JSONObject.java:1479)
at org.json.JSONObject.<init>(JSONObject.java:364)
at org.json.JSONObject.wrap(JSONObject.java:2374)
at org.json.JSONObject.populateMap(JSONObject.java:1479)
at org.json.JSONObject.<init>(JSONObject.java:364)
at org.json.JSONObject.wrap(JSONObject.java:2374)
at org.json.JSONArray.<init>(JSONArray.java:200)
at org.json.JSONObject.wrap(JSONObject.java:2360)
at org.json.JSONObject.populateMap(JSONObject.java:1479)
at org.json.JSONObject.<init>(JSONObject.java:364)
at org.json.JSONObject.wrap(JSONObject.java:2374)
at org.json.JSONObject.populateMap(JSONObject.java:1479)
at org.json.JSONObject.<init>(JSONObject.java:364)
at org.json.JSONObject.wrap(JSONObject.java:2374)
at org.json.JSONArray.<init>(JSONArray.java:200)
at org.json.JSONObject.wrap(JSONObject.java:2360)
at org.json.JSONObject.populateMap(JSONObject.java:1479)
at org.json.JSONObject.<init>(JSONObject.java:364)
at org.json.JSONObject.wrap(JSONObject.java:2374)
at org.json.JSONObject.populateMap(JSONObject.java:1479)
at org.json.JSONObject.<init>(JSONObject.java:364)
at org.json.JSONObject.wrap(JSONObject.java:2374)
at org.json.JSONArray.<init>(JSONArray.java:200)
at org.json.JSONObject.wrap(JSONObject.java:2360)
at org.json.JSONObject.populateMap(JSONObject.java:1479)
at org.json.JSONObject.<init>(JSONObject.java:364)
at org.json.JSONObject.wrap(JSONObject.java:2374)
at org.json.JSONObject.populateMap(JSONObject.java:1479)
at org.json.JSONObject.<init>(JSONObject.java:364)
at org.json.JSONObject.wrap(JSONObject.java:2374)
at org.json.JSONArray.<init>(JSONArray.java:200)
at org.json.JSONObject.wrap(JSONObject.java:2360)
at org.json.JSONObject.populateMap(JSONObject.java:1479)
at org.json.JSONObject.<init>(JSONObject.java:364)
at org.json.JSONObject.wrap(JSONObject.java:2374)
at org.json.JSONObject.populateMap(JSONObject.java:1479)
at org.json.JSONObject.<init>(JSONObject.java:364)
at org.json.JSONObject.wrap(JSONObject.java:2374)
at org.json.JSONArray.<init>(JSONArray.java:200)
at org.json.JSONObject.wrap(JSONObject.java:2360)
at org.json.JSONObject.populateMap(JSONObject.java:1479)
at org.json.JSONObject.<init>(JSONObject.java:364)
at org.json.JSONObject.wrap(JSONObject.java:2374)
at org.json.JSONObject.populateMap(JSONObject.java:1479)
at org.json.JSONObject.<init>(JSONObject.java:364)
at org.json.JSONObject.wrap(JSONObject.java:2374)
at org.json.JSONArray.<init>(JSONArray.java:200)
at org.json.JSONObject.wrap(JSONObject.java:2360)
at org.json.JSONObject.populateMap(JSONObject.java:1479)
at org.json.JSONObject.<init>(JSONObject.java:364)
at org.json.JSONObject.wrap(JSONObject.java:2374)
at org.json.JSONObject.populateMap(JSONObject.java:1479)
at org.json.JSONObject.<init>(JSONObject.java:364)
at org.json.JSONObject.wrap(JSONObject.java:2374)
at org.json.JSONArray.<init>(JSONArray.java:200)
at org.json.JSONObject.wrap(JSONObject.java:2360)
at org.json.JSONObject.populateMap(JSONObject.java:1479)
at org.json.JSONObject.<init>(JSONObject.java:364)
at org.json.JSONObject.wrap(JSONObject.java:2374)
at org.json.JSONObject.populateMap(JSONObject.java:1479)
at org.json.JSONObject.<init>(JSONObject.java:364)
at org.json.JSONObject.wrap(JSONObject.java:2374)
at org.json.JSONArray.<init>(JSONArray.java:200)
at org.json.JSONObject.wrap(JSONObject.java:2360)
at org.json.JSONObject.populateMap(JSONObject.java:1479)
at org.json.JSONObject.<init>(JSONObject.java:364)
at org.json.JSONObject.wrap(JSONObject.java:2374)
at org.json.JSONObject.populateMap(JSONObject.java:1479)
at org.json.JSONObject.<init>(JSONObject.java:364)
at org.json.JSONObject.wrap(JSONObject.java:2374)
at org.json.JSONArray.<init>(JSONArray.java:200)
at org.json.JSONObject.wrap(JSONObject.java:2360)
at org.json.JSONObject.populateMap(JSONObject.java:1479)
at org.json.JSONObject.<init>(JSONObject.java:364)
at org.json.JSONObject.wrap(JSONObject.java:2374)
at org.json.JSONObject.populateMap(JSONObject.java:1479)
at org.json.JSONObject.<init>(JSONObject.java:364)
at org.json.JSONObject.wrap(JSONObject.java:2374)
at org.json.JSONArray.<init>(JSONArray.java:200)
at org.json.JSONObject.wrap(JSONObject.java:2360)
at org.json.JSONObject.populateMap(JSONObject.java:1479)
at org.json.JSONObject.<init>(JSONObject.java:364)
at org.json.JSONObject.wrap(JSONObject.java:2374)
at org.json.JSONObject.populateMap(JSONObject.java:1479)
at org.json.JSONObject.<init>(JSONObject.java:364)
at org.json.JSONObject.wrap(JSONObject.java:2374)
at org.json.JSONArray.<init>(JSONArray.java:200)
at org.json.JSONObject.wrap(JSONObject.java:2360)
at org.json.JSONObject.populateMap(JSONObject.java:1479)
at org.json.JSONObject.<init>(JSONObject.java:364)
at org.json.JSONObject.wrap(JSONObject.java:2374)
at org.json.JSONObject.populateMap(JSONObject.java:1479)
at org.json.JSONObject.<init>(JSONObject.java:364)
at org.json.JSONObject.wrap(JSONObject.java:2374)
at org.json.JSONArray.<init>(JSONArray.java:200)
at org.json.JSONObject.wrap(JSONObject.java:2360)
at org.json.JSONObject.populateMap(JSONObject.java:1479)
at org.json.JSONObject.<init>(JSONObject.java:364)
at org.json.JSONObject.wrap(JSONObject.java:2374)
at org.json.JSONObject.populateMap(JSONObject.java:1479)
at org.json.JSONObject.<init>(JSONObject.java:364)
at org.json.JSONObject.wrap(JSONObject.java:2374)
at org.json.JSONArray.<init>(JSONArray.java:200)
at org.json.JSONObject.wrap(JSONObject.java:2360)
at org.json.JSONObject.populateMap(JSONObject.java:1479)
at org.json.JSONObject.<init>(JSONObject.java:364)
at org.json.JSONObject.wrap(JSONObject.java:2374)
at org.json.JSONObject.populateMap(JSONObject.java:1479)
at org.json.JSONObject.<init>(JSONObject.java:364)
at org.json.JSONObject.wrap(JSONObject.java:2374)
at org.json.JSONArray.<init>(JSONArray.java:200)
at org.json.JSONObject.wrap(JSONObject.java:2360)
at org.json.JSONObject.populateMap(JSONObject.java:1479)
at org.json.JSONObject.<init>(JSONObject.java:364)
at org.json.JSONObject.wrap(JSONObject.java:2374)
at org.json.JSONObject.populateMap(JSONObject.java:1479)
at org.json.JSONObject.<init>(JSONObject.java:364)
at org.json.JSONObject.wrap(JSONObject.java:2374)
at org.json.JSONArray.<init>(JSONArray.java:200)
at org.json.JSONObject.wrap(JSONObject.java:2360)
at org.json.JSONObject.populateMap(JSONObject.java:1479)
at org.json.JSONObject.<init>(JSONObject.java:364)
at org.json.JSONObject.wrap(JSONObject.java:2374)
at org.json.JSONObject.populateMap(JSONObject.java:1479)
at org.json.JSONObject.<init>(JSONObject.java:364)
at org.json.JSONObject.wrap(JSONObject.java:2374)
at org.json.JSONArray.<init>(JSONArray.java:200)
at org.json.JSONObject.wrap(JSONObject.java:2360)
at org.json.JSONObject.populateMap(JSONObject.java:1479)
at org.json.JSONObject.<init>(JSONObject.java:364)
at org.json.JSONObject.wrap(JSONObject.java:2374)
at org.json.JSONObject.populateMap(JSONObject.java:1479)
at org.json.JSONObject.<init>(JSONObject.java:364)
at org.json.JSONObject.wrap(JSONObject.java:2374)
at org.json.JSONArray.<init>(JSONArray.java:200)
at org.json.JSONObject.wrap(JSONObject.java:2360)
at org.json.JSONObject.populateMap(JSONObject.java:1479)
at org.json.JSONObject.<init>(JSONObject.java:364)
at org.json.JSONObject.wrap(JSONObject.java:2374)
at org.json.JSONObject.populateMap(JSONObject.java:1479)
at org.json.JSONObject.<init>(JSONObject.java:364)
at org.json.JSONObject.wrap(JSONObject.java:2374)
at org.json.JSONArray.<init>(JSONArray.java:200)
at org.json.JSONObject.wrap(JSONObject.java:2360)
at org.json.JSONObject.populateMap(JSONObject.java:1479)
at org.json.JSONObject.<init>(JSONObject.java:364)
at org.json.JSONObject.wrap(JSONObject.java:2374)
at org.json.JSONObject.populateMap(JSONObject.java:1479)
at org.json.JSONObject.<init>(JSONObject.java:364)
at org.json.JSONObject.wrap(JSONObject.java:2374)
at org.json.JSONArray.<init>(JSONArray.java:200)
at org.json.JSONObject.wrap(JSONObject.java:2360)
at org.json.JSONObject.populateMap(JSONObject.java:1479)
at org.json.JSONObject.<init>(JSONObject.java:364)
at org.json.JSONObject.wrap(JSONObject.java:2374)
at org.json.JSONObject.populateMap(JSONObject.java:1479)
at org.json.JSONObject.<init>(JSONObject.java:364)
at org.json.JSONObject.wrap(JSONObject.java:2374)
at org.json.JSONArray.<init>(JSONArray.java:200)
at org.json.JSONObject.wrap(JSONObject.java:2360)
at org.json.JSONObject.populateMap(JSONObject.java:1479)
at org.json.JSONObject.<init>(JSONObject.java:364)
at org.json.JSONObject.wrap(JSONObject.java:2374)
at org.json.JSONObject.populateMap(JSONObject.java:1479)
at org.json.JSONObject.<init>(JSONObject.java:364)
at org.json.JSONObject.wrap(JSONObject.java:2374)
at org.json.JSONArray.<init>(JSONArray.java:200)
at org.json.JSONObject.wrap(JSONObject.java:2360)
at org.json.JSONObject.populateMap(JSONObject.java:1479)
at org.json.JSONObject.<init>(JSONObject.java:364)
at org.json.JSONObject.wrap(JSONObject.java:2374)
at org.json.JSONObject.populateMap(JSONObject.java:1479)
at org.json.JSONObject.<init>(JSONObject.java:364)
at org.json.JSONObject.wrap(JSONObject.java:2374)
at org.json.JSONArray.<init>(JSONArray.java:200)
at org.json.JSONObject.wrap(JSONObject.java:2360)
at org.json.JSONObject.populateMap(JSONObject.java:1479)
at org.json.JSONObject.<init>(JSONObject.java:364)
at org.json.JSONObject.wrap(JSONObject.java:2374)
at org.json.JSONObject.populateMap(JSONObject.java:1479)
at org.json.JSONObject.<init>(JSONObject.java:364)
at org.json.JSONObject.wrap(JSONObject.java:2374)
at org.json.JSONArray.<init>(JSONArray.java:200)
at org.json.JSONObject.wrap(JSONObject.java:2360)
at org.json.JSONObject.populateMap(JSONObject.java:1479)
at org.json.JSONObject.<init>(JSONObject.java:364)
at org.json.JSONObject.wrap(JSONObject.java:2374)
at org.json.JSONObject.populateMap(JSONObject.java:1479)
at org.json.JSONObject.<init>(JSONObject.java:364)
at org.json.JSONObject.wrap(JSONObject.java:2374)
at org.json.JSONArray.<init>(JSONArray.java:200)
at org.json.JSONObject.wrap(JSONObject.java:2360)
at org.json.JSONObject.populateMap(JSONObject.java:1479)
at org.json.JSONObject.<init>(JSONObject.java:364)
at org.json.JSONObject.wrap(JSONObject.java:2374)
at org.json.JSONObject.populateMap(JSONObject.java:1479)
at org.json.JSONObject.<init>(JSONObject.java:364)
at org.json.JSONObject.wrap(JSONObject.java:2374)
at org.json.JSONArray.<init>(JSONArray.java:200)
at org.json.JSONObject.wrap(JSONObject.java:2360)
at org.json.JSONObject.populateMap(JSONObject.java:1479)
at org.json.JSONObject.<init>(JSONObject.java:364)
at org.json.JSONObject.wrap(JSONObject.java:2374)
at org.json.JSONObject.populateMap(JSONObject.java:1479)
at org.json.JSONObject.<init>(JSONObject.java:364)
at org.json.JSONObject.wrap(JSONObject.java:2374)
at org.json.JSONArray.<init>(JSONArray.java:200)
at org.json.JSONObject.wrap(JSONObject.java:2360)
at org.json.JSONObject.populateMap(JSONObject.java:1479)
at org.json.JSONObject.<init>(JSONObject.java:364)
at org.json.JSONObject.wrap(JSONObject.java:2374)
at org.json.JSONObject.populateMap(JSONObject.java:1479)
at org.json.JSONObject.<init>(JSONObject.java:364)
at org.json.JSONObject.wrap(JSONObject.java:2374)
at org.json.JSONArray.<init>(JSONArray.java:200)
at org.json.JSONObject.wrap(JSONObject.java:2360)
at org.json.JSONObject.populateMap(JSONObject.java:1479)
at org.json.JSONObject.<init>(JSONObject.java:364)
at org.json.JSONObject.wrap(JSONObject.java:2374)
at org.json.JSONObject.populateMap(JSONObject.java:1479)
at org.json.JSONObject.<init>(JSONObject.java:364)
at org.json.JSONObject.wrap(JSONObject.java:2374)
at org.json.JSONArray.<init>(JSONArray.java:200)
at org.json.JSONObject.wrap(JSONObject.java:2360)
at org.json.JSONObject.populateMap(JSONObject.java:1479)
at org.json.JSONObject.<init>(JSONObject.java:364)
at org.json.JSONObject.wrap(JSONObject.java:2374)
at org.json.JSONObject.populateMap(JSONObject.java:1479)
at org.json.JSONObject.<init>(JSONObject.java:364)
at org.json.JSONObject.wrap(JSONObject.java:2374)
at org.json.JSONArray.<init>(JSONArray.java:200)
at org.json.JSONObject.wrap(JSONObject.java:2360)
at org.json.JSONObject.populateMap(JSONObject.java:1479)
at org.json.JSONObject.<init>(JSONObject.java:364)
at org.json.JSONObject.wrap(JSONObject.java:2374)
at org.json.JSONObject.populateMap(JSONObject.java:1479)
at org.json.JSONObject.<init>(JSONObject.java:364)
at org.json.JSONObject.wrap(JSONObject.java:2374)
at org.json.JSONArray.<init>(JSONArray.java:200)
at org.json.JSONObject.wrap(JSONObject.java:2360)
at org.json.JSONObject.populateMap(JSONObject.java:1479)
at org.json.JSONObject.<init>(JSONObject.java:364)
at org.json.JSONObject.wrap(JSONObject.java:2374)
at org.json.JSONObject.populateMap(JSONObject.java:1479)
at org.json.JSONObject.<init>(JSONObject.java:364)
at org.json.JSONObject.wrap(JSONObject.java:2374)
at org.json.JSONArray.<init>(JSONArray.java:200)
at org.json.JSONObject.wrap(JSONObject.java:2360)
at org.json.JSONObject.populateMap(JSONObject.java:1479)
at org.json.JSONObject.<init>(JSONObject.java:364)
at org.json.JSONObject.wrap(JSONObject.java:2374)
at org.json.JSONObject.populateMap(JSONObject.java:1479)
at org.json.JSONObject.<init>(JSONObject.java:364)
at org.json.JSONObject.wrap(JSONObject.java:2374)
at org.json.JSONArray.<init>(JSONArray.java:200)
at org.json.JSONObject.wrap(JSONObject.java:2360)
at org.json.JSONObject.populateMap(JSONObject.java:1479)
at org.json.JSONObject.<init>(JSONObject.java:364)
at org.json.JSONObject.wrap(JSONObject.java:2374)
at org.json.JSONObject.populateMap(JSONObject.java:1479)
at org.json.JSONObject.<init>(JSONObject.java:364)
at org.json.JSONObject.wrap(JSONObject.java:2374)
at org.json.JSONArray.<init>(JSONArray.java:200)
at org.json.JSONObject.wrap(JSONObject.java:2360)
at org.json.JSONObject.populateMap(JSONObject.java:1479)
at org.json.JSONObject.<init>(JSONObject.java:364)
at org.json.JSONObject.wrap(JSONObject.java:2374)
at org.json.JSONObject.populateMap(JSONObject.java:1479)
at org.json.JSONObject.<init>(JSONObject.java:364)
at org.json.JSONObject.wrap(JSONObject.java:2374)
at org.json.JSONArray.<init>(JSONArray.java:200)
at org.json.JSONObject.wrap(JSONObject.java:2360)
at org.json.JSONObject.populateMap(JSONObject.java:1479)
at org.json.JSONObject.<init>(JSONObject.java:364)
at org.json.JSONObject.wrap(JSONObject.java:2374)
at org.json.JSONObject.populateMap(JSONObject.java:1479)
at org.json.JSONObject.<init>(JSONObject.java:364)
at org.json.JSONObject.wrap(JSONObject.java:2374)
at org.json.JSONArray.<init>(JSONArray.java:200)
at org.json.JSONObject.wrap(JSONObject.java:2360)
at org.json.JSONObject.populateMap(JSONObject.java:1479)
at org.json.JSONObject.<init>(JSONObject.java:364)
at org.json.JSONObject.wrap(JSONObject.java:2374)
at org.json.JSONObject.populateMap(JSONObject.java:1479)
at org.json.JSONObject.<init>(JSONObject.java:364)
at org.json.JSONObject.wrap(JSONObject.java:2374)
at org.json.JSONArray.<init>(JSONArray.java:200)
at org.json.JSONObject.wrap(JSONObject.java:2360)
at org.json.JSONObject.populateMap(JSONObject.java:1479)
at org.json.JSONObject.<init>(JSONObject.java:364)
at org.json.JSONObject.wrap(JSONObject.java:2374)
at org.json.JSONObject.populateMap(JSONObject.java:1479)
at org.json.JSONObject.<init>(JSONObject.java:364)
at org.json.JSONObject.wrap(JSONObject.java:2374)
at org.json.JSONArray.<init>(JSONArray.java:200)
at org.json.JSONObject.wrap(JSONObject.java:2360)
at org.json.JSONObject.populateMap(JSONObject.java:1479)
at org.json.JSONObject.<init>(JSONObject.java:364)
at org.json.JSONObject.wrap(JSONObject.java:2374)
at org.json.JSONObject.populateMap(JSONObject.java:1479)
at org.json.JSONObject.<init>(JSONObject.java:364)
at org.json.JSONObject.wrap(JSONObject.java:2374)
at org.json.JSONArray.<init>(JSONArray.java:200)
at org.json.JSONObject.wrap(JSONObject.java:2360)
at org.json.JSONObject.populateMap(JSONObject.java:1479)
at org.json.JSONObject.<init>(JSONObject.java:364)
at org.json.JSONObject.wrap(JSONObject.java:2374)
at org.json.JSONObject.populateMap(JSONObject.java:1479)
at org.json.JSONObject.<init>(JSONObject.java:364)
at org.json.JSONObject.wrap(JSONObject.java:2374)
at org.json.JSONArray.<init>(JSONArray.java:200)
at org.json.JSONObject.wrap(JSONObject.java:2360)
at org.json.JSONObject.populateMap(JSONObject.java:1479)
at org.json.JSONObject.<init>(JSONObject.java:364)
at org.json.JSONObject.wrap(JSONObject.java:2374)
at org.json.JSONObject.populateMap(JSONObject.java:1479)
at org.json.JSONObject.<init>(JSONObject.java:364)
at org.json.JSONObject.wrap(JSONObject.java:2374)
at org.json.JSONArray.<init>(JSONArray.java:200)
at org.json.JSONObject.wrap(JSONObject.java:2360)
at org.json.JSONObject.populateMap(JSONObject.java:1479)
at org.json.JSONObject.<init>(JSONObject.java:364)
at org.json.JSONObject.wrap(JSONObject.java:2374)
at org.json.JSONObject.populateMap(JSONObject.java:1479)
at org.json.JSONObject.<init>(JSONObject.java:364)
at org.json.JSONObject.wrap(JSONObject.java:2374)
at org.json.JSONArray.<init>(JSONArray.java:200)
at org.json.JSONObject.wrap(JSONObject.java:2360)
at org.json.JSONObject.populateMap(JSONObject.java:1479)
at org.json.JSONObject.<init>(JSONObject.java:364)
at org.json.JSONObject.wrap(JSONObject.java:2374)
at org.json.JSONObject.populateMap(JSONObject.java:1479)
at org.json.JSONObject.<init>(JSONObject.java:364)
at org.json.JSONObject.wrap(JSONObject.java:2374)
at org.json.JSONArray.<init>(JSONArray.java:200)
at org.json.JSONObject.wrap(JSONObject.java:2360)
at org.json.JSONObject.populateMap(JSONObject.java:1479)
at org.json.JSONObject.<init>(JSONObject.java:364)
at org.json.JSONObject.wrap(JSONObject.java:2374)
at org.json.JSONObject.populateMap(JSONObject.java:1479)
at org.json.JSONObject.<init>(JSONObject.java:364)
at org.json.JSONObject.wrap(JSONObject.java:2374)
at org.json.JSONArray.<init>(JSONArray.java:200)
at org.json.JSONObject.wrap(JSONObject.java:2360)
at org.json.JSONObject.populateMap(JSONObject.java:1479)
at org.json.JSONObject.<init>(JSONObject.java:364)
at org.json.JSONObject.wrap(JSONObject.java:2374)
at org.json.JSONObject.populateMap(JSONObject.java:1479)
at org.json.JSONObject.<init>(JSONObject.java:364)
at org.json.JSONObject.wrap(JSONObject.java:2374)
at org.json.JSONArray.<init>(JSONArray.java:200)
at org.json.JSONObject.wrap(JSONObject.java:2360)
at org.json.JSONObject.populateMap(JSONObject.java:1479)
at org.json.JSONObject.<init>(JSONObject.java:364)
at org.json.JSONObject.wrap(JSONObject.java:2374)
at org.json.JSONObject.populateMap(JSONObject.java:1479)
at org.json.JSONObject.<init>(JSONObject.java:364)
at org.json.JSONObject.wrap(JSONObject.java:2374)
at org.json.JSONArray.<init>(JSONArray.java:200)
at org.json.JSONObject.wrap(JSONObject.java:2360)
at org.json.JSONObject.populateMap(JSONObject.java:1479)
at org.json.JSONObject.<init>(JSONObject.java:364)
at org.json.JSONObject.wrap(JSONObject.java:2374)
at org.json.JSONObject.populateMap(JSONObject.java:1479)
at org.json.JSONObject.<init>(JSONObject.java:364)
at org.json.JSONObject.wrap(JSONObject.java:2374)
at org.json.JSONArray.<init>(JSONArray.java:200)
at org.json.JSONObject.wrap(JSONObject.java:2360)
at org.json.JSONObject.populateMap(JSONObject.java:1479)
at org.json.JSONObject.<init>(JSONObject.java:364)
at org.json.JSONObject.wrap(JSONObject.java:2374)
at org.json.JSONObject.populateMap(JSONObject.java:1479)
at org.json.JSONObject.<init>(JSONObject.java:364)
at org.json.JSONObject.wrap(JSONObject.java:2374)
at org.json.JSONArray.<init>(JSONArray.java:200)
at org.json.JSONObject.wrap(JSONObject.java:2360)
at org.json.JSONObject.populateMap(JSONObject.java:1479)
at org.json.JSONObject.<init>(JSONObject.java:364)
at org.json.JSONObject.wrap(JSONObject.java:2374)
at org.json.JSONObject.populateMap(JSONObject.java:1479)
at org.json.JSONObject.<init>(JSONObject.java:364)
at org.json.JSONObject.wrap(JSONObject.java:2374)
at org.json.JSONArray.<init>(JSONArray.java:200)
at org.json.JSONObject.wrap(JSONObject.java:2360)
at org.json.JSONObject.populateMap(JSONObject.java:1479)
at org.json.JSONObject.<init>(JSONObject.java:364)
at org.json.JSONObject.wrap(JSONObject.java:2374)
at org.json.JSONObject.populateMap(JSONObject.java:1479)
at org.json.JSONObject.<init>(JSONObject.java:364)
at org.json.JSONObject.wrap(JSONObject.java:2374)
at org.json.JSONArray.<init>(JSONArray.java:200)
at org.json.JSONObject.wrap(JSONObject.java:2360)
at org.json.JSONObject.populateMap(JSONObject.java:1479)
at org.json.JSONObject.<init>(JSONObject.java:364)
at org.json.JSONObject.wrap(JSONObject.java:2374)
at org.json.JSONObject.populateMap(JSONObject.java:1479)
at org.json.JSONObject.<init>(JSONObject.java:364)
at org.json.JSONObject.wrap(JSONObject.java:2374)
at org.json.JSONArray.<init>(JSONArray.java:200)
at org.json.JSONObject.wrap(JSONObject.java:2360)
at org.json.JSONObject.populateMap(JSONObject.java:1479)
at org.json.JSONObject.<init>(JSONObject.java:364)
at org.json.JSONObject.wrap(JSONObject.java:2374)
at org.json.JSONObject.populateMap(JSONObject.java:1479)
at org.json.JSONObject.<init>(JSONObject.java:364)
at org.json.JSONObject.wrap(JSONObject.java:2374)
at org.json.JSONArray.<init>(JSONArray.java:200)
at org.json.JSONObject.wrap(JSONObject.java:2360)
at org.json.JSONObject.populateMap(JSONObject.java:1479)
at org.json.JSONObject.<init>(JSONObject.java:364)
at org.json.JSONObject.wrap(JSONObject.java:2374)
at org.json.JSONObject.populateMap(JSONObject.java:1479)
at org.json.JSONObject.<init>(JSONObject.java:364)
at org.json.JSONObject.wrap(JSONObject.java:2374)
at org.json.JSONArray.<init>(JSONArray.java:200)
at org.json.JSONObject.wrap(JSONObject.java:2360)
at org.json.JSONObject.populateMap(JSONObject.java:1479)
at org.json.JSONObject.<init>(JSONObject.java:364)
at org.json.JSONObject.wrap(JSONObject.java:2374)
at org.json.JSONObject.populateMap(JSONObject.java:1479)
at org.json.JSONObject.<init>(JSONObject.java:364)
at org.json.JSONObject.wrap(JSONObject.java:2374)
at org.json.JSONArray.<init>(JSONArray.java:200)
at org.json.JSONObject.wrap(JSONObject.java:2360)
at org.json.JSONObject.populateMap(JSONObject.java:1479)
at org.json.JSONObject.<init>(JSONObject.java:364)
]]>
    </failure>
  </testcase> <!-- weatherCompare -->
</testsuite> <!-- sample test -->
